<?xml version="1.0" encoding="UTF-8"?>
<!-- Generated by org.testng.reporters.JUnitXMLReporter -->
<testsuite ignored="3" hostname="LAPTOP-MQ9B4BVN" failures="0" tests="1" name="Default test" time="24.416" errors="0" timestamp="2024-01-14T19:25:42 IST">
  <testcase classname="test.VerifyDetailsTest" name="AddTwoToCartAndVerifyIfUnitPriceAndShipingPriceIsEqualToOrderAmountAndAlsoVerifyIfSumOfOrderAmountIsEqualToCartAmount" time="6.775"/>
  <testcase classname="test.VerifyDetailsTest" name="VerifyIfProductsDetailsOnShoppingCartAreSimilarToProductAddedFromQuickViewTab" time="0.0">
    <ignored/>
  </testcase> <!-- VerifyIfProductsDetailsOnShoppingCartAreSimilarToProductAddedFromQuickViewTab -->
  <testcase classname="test.VerifyDetailsTest" name="VerifyIfProductsDetailsAndQuickViewDescriptionAreSimilar" time="0.0">
    <ignored/>
  </testcase> <!-- VerifyIfProductsDetailsAndQuickViewDescriptionAreSimilar -->
  <testcase classname="test.VerifyDetailsTest" name="AddSingleToCartAndVerifyIfUnitPriceAndShippingPriceIsEqualToOrderAmount" time="0.0">
    <ignored/>
  </testcase> <!-- AddSingleToCartAndVerifyIfUnitPriceAndShippingPriceIsEqualToOrderAmount -->
</testsuite> <!-- Default test -->
