<?xml version="1.0" encoding="UTF-8"?>
<!-- Generated by org.testng.reporters.JUnitXMLReporter -->
<testsuite ignored="6" hostname="LAPTOP-MQ9B4BVN" failures="0" tests="1" name="Default test" time="9.997" errors="0" timestamp="2024-01-12T19:05:41 IST">
  <testcase classname="test.AddToCartByQuickViewTest" name="verifyIfUserIsAbleToAddProdutToCartUsingQuickViewOption" time="3.014"/>
  <testcase classname="test.AddToCartByQuickViewTest" name="verifyIfUserIsAbleToAddMultipleProdutToCartUsingQuickViewOption" time="0.0">
    <ignored/>
  </testcase> <!-- verifyIfUserIsAbleToAddMultipleProdutToCartUsingQuickViewOption -->
  <testcase classname="test.AddToCartByQuickViewTest" name="VerifyIfProductsDetailsAndQuickViewDescriptionAreSimilar" time="0.0">
    <ignored/>
  </testcase> <!-- VerifyIfProductsDetailsAndQuickViewDescriptionAreSimilar -->
  <testcase classname="test.AddToCartByQuickViewTest" name="VerifyIfProductsDetailsOnShoppingCartAreSimilarToProductAddedFromQuickViewTab" time="0.0">
    <ignored/>
  </testcase> <!-- VerifyIfProductsDetailsOnShoppingCartAreSimilarToProductAddedFromQuickViewTab -->
  <testcase classname="test.AddToCartByQuickViewTest" name="AddTwoToCartAndVerifyIfUnitPriceAndShipingPriceIsEqualToOrderAmountAndAlsoVerifyIfSumOfOrderAmountIsEqualToCartAmount" time="0.0">
    <ignored/>
  </testcase> <!-- AddTwoToCartAndVerifyIfUnitPriceAndShipingPriceIsEqualToOrderAmountAndAlsoVerifyIfSumOfOrderAmountIsEqualToCartAmount -->
  <testcase classname="test.AddToCartByQuickViewTest" name="VerifyIfUserIsAbleToRemoveProdutFromCart" time="0.0">
    <ignored/>
  </testcase> <!-- VerifyIfUserIsAbleToRemoveProdutFromCart -->
  <testcase classname="test.AddToCartByQuickViewTest" name="AddSingleToCartAndVerifyIfUnitPriceAndShippingPriceIsEqualToOrderAmount" time="0.0">
    <ignored/>
  </testcase> <!-- AddSingleToCartAndVerifyIfUnitPriceAndShippingPriceIsEqualToOrderAmount -->
</testsuite> <!-- Default test -->
