<?xml version="1.0" encoding="UTF-8"?>
<testng-results ignored="0" total="1" passed="1" failed="0" skipped="0">
  <reporter-output>
  </reporter-output>
  <suite started-at="2024-01-17T16:32:39 IST" name="Default suite" finished-at="2024-01-17T16:33:43 IST" duration-ms="63696">
    <groups>
    </groups>
    <test started-at="2024-01-17T16:32:39 IST" name="Default test" finished-at="2024-01-17T16:33:43 IST" duration-ms="63696">
      <class name="test.PaymentTest">
        <test-method is-config="true" signature="openApplication()[pri:0, instance:test.PaymentTest@293a5bf6]" started-at="2024-01-17T16:32:39 IST" name="openApplication" finished-at="2024-01-17T16:32:44 IST" duration-ms="5127" status="PASS">
          <reporter-output>
          </reporter-output>
        </test-method> <!-- openApplication -->
        <test-method signature="placeOrder()[pri:0, instance:test.PaymentTest@293a5bf6]" started-at="2024-01-17T16:32:44 IST" name="placeOrder" finished-at="2024-01-17T16:33:43 IST" duration-ms="58522" status="PASS">
          <reporter-output>
          </reporter-output>
        </test-method> <!-- placeOrder -->
      </class> <!-- test.PaymentTest -->
    </test> <!-- Default test -->
  </suite> <!-- Default suite -->
</testng-results>
